This is pdfTeX, Version 3.14159265-2.6-1.40.20 (MiKTeX 2.9.7050 64-bit) (preloaded format=pdflatex 2019.6.10)  30 NOV 2019 10:54
entering extended mode
**./Main.tex
(Main.tex
LaTeX2e <2018-12-01>
(Data/udesc.cls
("C:\Users\marcio\AppData\Local\Programs\MiKTeX 2.9\tex/latex/base\ifthen.sty"
Package: ifthen 2014/09/29 v1.1c Standard LaTeX ifthen package (DPC)
) ("C:\Users\marcio\AppData\Local\Programs\MiKTeX 2.9\tex/latex/memoir\memoir.c
ls"
Document Class: memoir 2018/12/12 v3.7h configurable book, report, article docu
ment class
\onelineskip=\skip41
\lxvchars=\skip42
\xlvchars=\skip43
\@memcnta=\count80
\c@@memmarkcntra=\count81

("C:\Users\marcio\AppData\Local\Programs\MiKTeX 2.9\tex/generic/oberdiek\ifpdf.
sty"
Package: ifpdf 2018/09/07 v3.3 Provides the ifpdf switch
)
("C:\Users\marcio\AppData\Local\Programs\MiKTeX 2.9\tex/latex/ifetex\ifetex.sty
"
Package: ifetex 2018/03/31 v1.2a ifetex

("C:\Users\marcio\AppData\Local\Programs\MiKTeX 2.9\tex/plain/ifetex\ifetex.tex
"))
("C:\Users\marcio\AppData\Local\Programs\MiKTeX 2.9\tex/generic/ifxetex\ifxetex
.sty"
Package: ifxetex 2010/09/12 v0.6 Provides ifxetex conditional
)
("C:\Users\marcio\AppData\Local\Programs\MiKTeX 2.9\tex/generic/oberdiek\ifluat
ex.sty"
Package: ifluatex 2016/05/16 v1.4 Provides the ifluatex switch (HO)
Package ifluatex Info: LuaTeX not detected.
)
\stockheight=\skip44
\stockwidth=\skip45
\trimtop=\skip46
\trimedge=\skip47

("C:\Users\marcio\AppData\Local\Programs\MiKTeX 2.9\tex/latex/memoir\mem12.clo"
File: mem12.clo 2010/10/19 v0.4b memoir class 12pt size option
)
\binding=\skip48
\spinemargin=\skip49
\foremargin=\skip50
\uppermargin=\skip51
\lowermargin=\skip52
\headdrop=\skip53
\normalrulethickness=\skip54
\mem@maxheadheight=\skip55
\mem@maxfootheight=\skip56
\headwidth=\skip57
\c@storedpagenumber=\count82
\memPD=\dimen102
\m@mabparskip=\skip58
\thanksmarkwidth=\skip59
\thanksmarksep=\skip60
\droptitle=\skip61
\c@book=\count83
\c@part=\count84
\c@chapter=\count85
\c@section=\count86
\c@subsection=\count87
\c@subsubsection=\count88
\c@paragraph=\count89
\c@subparagraph=\count90
\beforechapskip=\skip62
\midchapskip=\skip63
\afterchapskip=\skip64
\chapindent=\skip65
\bottomsectionskip=\skip66
\secindent=\skip67
\beforesecskip=\skip68
\aftersecskip=\skip69
\subsecindent=\skip70
\beforesubsecskip=\skip71
\aftersubsecskip=\skip72
\subsubsecindent=\skip73
\beforesubsubsecskip=\skip74
\aftersubsubsecskip=\skip75
\paraindent=\skip76
\beforeparaskip=\skip77
\afterparaskip=\skip78
\subparaindent=\skip79
\beforesubparaskip=\skip80
\aftersubparaskip=\skip81
\pfbreakskip=\skip82
\c@@ppsavesec=\count91
\c@@ppsaveapp=\count92
\ragrparindent=\dimen103
\everylistparindent=\dimen104
\parsepi=\skip83
\topsepi=\skip84
\itemsepi=\skip85
\parsepii=\skip86
\topsepii=\skip87
\topsepiii=\skip88
\itemsepii=\skip89
\itemsepiii=\skip90
\partopsepii=\skip91
\partopsepiii=\skip92
\m@msavetopsep=\skip93
\m@msavepartopsep=\skip94
\@enLab=\toks14
\abstitleskip=\skip95
\absleftindent=\skip96
\abs@leftindent=\dimen105
\absrightindent=\skip97
\absparindent=\skip98
\absparsep=\skip99
\c@vslineno=\count93
\c@poemline=\count94
\c@modulo@vs=\count95
\c@memfvsline=\count96
\vleftskip=\skip100
\vrightskip=\skip101
\stanzaskip=\skip102
\versewidth=\skip103
\vgap=\skip104
\vindent=\skip105
\vleftmargin=\dimen106
\c@verse=\count97
\c@chrsinstr=\count98
\beforepoemtitleskip=\skip106
\afterpoemtitleskip=\skip107
\c@poem=\count99
\beforePoemTitleskip=\skip108
\midPoemTitleskip=\skip109
\afterPoemTitleskip=\skip110
 ("C:\Users\marcio\AppData\Local\Programs\MiKTeX 2.9\tex/latex/tools\array.sty"
Package: array 2018/12/30 v2.4k Tabular extension package (FMi)
\col@sep=\dimen107
\ar@mcellbox=\box27
\extrarowheight=\dimen108
\NC@list=\toks15
\extratabsurround=\skip111
\backup@length=\skip112
\ar@cellbox=\box28
)
("C:\Users\marcio\AppData\Local\Programs\MiKTeX 2.9\tex/latex/tools\dcolumn.sty
"
Package: dcolumn 2014/10/28 v1.06 decimal alignment package (DPC)
)
("C:\Users\marcio\AppData\Local\Programs\MiKTeX 2.9\tex/latex/tools\delarray.st
y"
Package: delarray 2014/10/28 v1.01 array delimiter package (DPC)
)
("C:\Users\marcio\AppData\Local\Programs\MiKTeX 2.9\tex/latex/tools\tabularx.st
y"
Package: tabularx 2016/02/03 v2.11b `tabularx' package (DPC)
\TX@col@width=\dimen109
\TX@old@table=\dimen110
\TX@old@col=\dimen111
\TX@target=\dimen112
\TX@delta=\dimen113
\TX@cols=\count100
\TX@ftn=\toks16
)
\heavyrulewidth=\dimen114
\lightrulewidth=\dimen115
\cmidrulewidth=\dimen116
\belowrulesep=\dimen117
\belowbottomsep=\dimen118
\aboverulesep=\dimen119
\abovetopsep=\dimen120
\cmidrulesep=\dimen121
\cmidrulekern=\dimen122
\defaultaddspace=\dimen123
\@cmidla=\count101
\@cmidlb=\count102
\@aboverulesep=\dimen124
\@belowrulesep=\dimen125
\@thisruleclass=\count103
\@lastruleclass=\count104
\@thisrulewidth=\dimen126
\ctableftskip=\skip113
\ctabrightskip=\skip114
\abovecolumnspenalty=\count105
\@linestogo=\count106
\@cellstogo=\count107
\@cellsincolumn=\count108
\crtok=\toks17
\@mincolumnwidth=\dimen127
\c@newflo@tctr=\count109
\mem@margin@floatbox=\box29
\@contcwidth=\skip115
\@contindw=\skip116
\abovecaptionskip=\skip117
\belowcaptionskip=\skip118
\subfloattopskip=\skip119
\subfloatcapskip=\skip120
\subfloatcaptopadj=\skip121
\subfloatbottomskip=\skip122
\subfloatlabelskip=\skip123
\subfloatcapmargin=\dimen128
\c@@contsubnum=\count110
\m@mscap@capbox=\box30
\m@mscap@fbox=\box31
\sidecapsep=\dimen129
\sidecapwidth=\dimen130
\m@m@tempdima=\dimen131
\m@mscapraise=\dimen132
\sidecapraise=\dimen133
\m@mscapmainwidth=\dimen134
\m@mscaplkern=\dimen135
\beforeepigraphskip=\skip124
\afterepigraphskip=\skip125
\epigraphwidth=\skip126
\epigraphrule=\skip127
LaTeX Info: Redefining \em on input line 7592.
LaTeX Info: Redefining \emph on input line 7600.
\tocentryskip=\skip128
\tocbaseline=\skip129
\cftparskip=\skip130
\cftbeforebookskip=\skip131
\cftbookindent=\dimen136
\cftbooknumwidth=\dimen137
\cftbeforepartskip=\skip132
\cftpartindent=\skip133
\cftpartnumwidth=\skip134
\cftbeforechapterskip=\skip135
\cftchapterindent=\skip136
\cftchapternumwidth=\skip137
\cftbeforesectionskip=\skip138
\cftsectionindent=\skip139
\cftsectionnumwidth=\skip140
\cftbeforesubsectionskip=\skip141
\cftsubsectionindent=\skip142
\cftsubsectionnumwidth=\skip143
\cftbeforesubsubsectionskip=\skip144
\cftsubsubsectionindent=\skip145
\cftsubsubsectionnumwidth=\skip146
\cftbeforeparagraphskip=\skip147
\cftparagraphindent=\skip148
\cftparagraphnumwidth=\skip149
\cftbeforesubparagraphskip=\skip150
\cftsubparagraphindent=\skip151
\cftsubparagraphnumwidth=\skip152
\prechapterprecisshift=\dimen138
\c@maxsecnumdepth=\count111
\bibindent=\dimen139
\bibitemsep=\skip153
\indexcolsep=\skip154
\indexrule=\skip155
\indexmarkstyle=\toks18
\@indexbox=\insert199
\glossarycolsep=\dimen140
\glossaryrule=\dimen141
\sideparvshift=\skip156
\sideins=\insert198
\sidebartopsep=\skip157
\sidebarhsep=\skip158
\sidebarvsep=\skip159
\sidebarwidth=\skip160
\footmarkwidth=\skip161
\footmarksep=\skip162
\footparindent=\skip163
\footinsdim=\skip164
\footinsv@r=\insert197
\@mpfootinsv@r=\insert196
\m@m@k=\count112
\m@m@h=\dimen142
\m@mipn@skip=\skip165
\sidefootins=\insert195
\sidefootadjust=\skip166
\sidefootheight=\skip167
\sidefoothsep=\skip168
\sidefootvsep=\skip169
\sidefootwidth=\skip170
\m@mdownsf=\skip171
\c@sidefootnote=\count113
\sidefootmarkwidth=\skip172
\sidefootmarksep=\skip173
\sidefootparindent=\skip174
\c@pagenote=\count114
\c@pagenoteshadow=\count115
\mem@pn@lastkern=\skip175
\every@verbatim=\toks19
\afterevery@verbatim=\toks20
\verbatim@line=\toks21
\tab@position=\count116
\verbatim@in@stream=\read1
\verbatimindent=\skip176
\verbatim@out=\write3
\bvboxsep=\skip177
\c@memfbvline=\count117
\c@bvlinectr=\count118
\bvnumlength=\skip178
\fb@frw=\dimen143
\fb@frh=\dimen144
\FrameRule=\dimen145
\FrameSep=\dimen146
\c@cp@cntr=\count119
LaTeX Info: Redefining \: on input line 12114.
LaTeX Info: Redefining \! on input line 12116.
\c@ism@mctr=\count120
\c@xsm@mctr=\count121
\c@csm@mctr=\count122
\c@ksm@mctr=\count123
\c@xksm@mctr=\count124
\c@cksm@mctr=\count125
\c@msm@mctr=\count126
\c@xmsm@mctr=\count127
\c@cmsm@mctr=\count128
\c@bsm@mctr=\count129
\c@workm@mctr=\count130
\c@sheetsequence=\count131
\c@lastsheet=\count132
\c@lastpage=\count133
\c@figure=\count134
\c@lofdepth=\count135
\cftbeforefigureskip=\skip179
\cftfigureindent=\skip180
\cftfigurenumwidth=\skip181
\c@table=\count136
\c@lotdepth=\count137
\cftbeforetableskip=\skip182
\cfttableindent=\skip183
\cfttablenumwidth=\skip184
Package abstract [2008/07/23] emulated by memoir.
Package appendix [2008/07/23] emulated by memoir.
Package booktabs [2016/05/16] emulated by memoir.
Package ccaption [2008/07/23] emulated by memoir.
Package changepage [2008/07/23] emulated by memoir.
Package chngcntr [2008/07/23] emulated by memoir.
Package chngpage [2008/07/23] emulated by memoir.
Package crop emulated by memoir.
Package enumerate [2008/07/23] emulated by memoir.
Package epigraph [2008/07/23] emulated by memoir.
Package ifmtarg [2008/07/23] emulated by memoir.
Package index [2008/07/23] emulated by memoir.
Package makeidx [2008/07/23] emulated by memoir.
Package moreverb [2008/07/23] emulated by memoir.
Package mparhack [2008/07/23] emulated by memoir.
Package needspace [2008/07/23] emulated by memoir.
Package newfile [2008/07/23] emulated by memoir.
Package nextpage [2008/07/23] emulated by memoir.
Package pagenote [2008/07/23] emulated by memoir.
Package parskip [2008/07/23] emulated by memoir.
Package patchcmd [2008/07/23] emulated by memoir.
Package setspace [2008/07/23] emulated by memoir.
Package shortvrb [2008/07/23] emulated by memoir.
Package showidx [2008/07/23] emulated by memoir.
Package titleref [2008/07/23] emulated by memoir.
Package titling [2008/07/23] emulated by memoir.
Package tocbibind [2008/07/23] emulated by memoir.
Package tocloft [2008/07/23] emulated by memoir.
Package tocvsec2 [2008/07/23] emulated by memoir.
Package verbatim [2008/07/23] emulated by memoir.
Package verse [2008/07/23] emulated by memoir.
)
("C:\Users\marcio\AppData\Local\Programs\MiKTeX 2.9\tex/latex/textcase\textcase
.sty"
Package: textcase 2004/10/07 v0.07 Text only upper/lower case changing (DPC)
LaTeX Info: Redefining \MakeTextUppercase on input line 47.
LaTeX Info: Redefining \MakeTextLowercase on input line 50.
)
("C:\Users\marcio\AppData\Local\Programs\MiKTeX 2.9\tex/latex/hyperref\hyperref
.sty"
Package: hyperref 2018/11/30 v6.88e Hypertext links for LaTeX

("C:\Users\marcio\AppData\Local\Programs\MiKTeX 2.9\tex/generic/oberdiek\hobsub
-hyperref.sty"
Package: hobsub-hyperref 2016/05/16 v1.14 Bundle oberdiek, subset hyperref (HO)


("C:\Users\marcio\AppData\Local\Programs\MiKTeX 2.9\tex/generic/oberdiek\hobsub
-generic.sty"
Package: hobsub-generic 2016/05/16 v1.14 Bundle oberdiek, subset generic (HO)
Package: hobsub 2016/05/16 v1.14 Construct package bundles (HO)
Package: infwarerr 2016/05/16 v1.4 Providing info/warning/error messages (HO)
Package: ltxcmds 2016/05/16 v1.23 LaTeX kernel commands for general use (HO)
Package hobsub Info: Skipping package `ifluatex' (already loaded).
Package: ifvtex 2016/05/16 v1.6 Detect VTeX and its facilities (HO)
Package ifvtex Info: VTeX not detected.
Package: intcalc 2016/05/16 v1.2 Expandable calculations with integers (HO)
Package hobsub Info: Skipping package `ifpdf' (already loaded).
Package: etexcmds 2016/05/16 v1.6 Avoid name clashes with e-TeX commands (HO)
Package: kvsetkeys 2016/05/16 v1.17 Key value parser (HO)
Package: kvdefinekeys 2016/05/16 v1.4 Define keys (HO)
Package: pdftexcmds 2018/09/10 v0.29 Utility functions of pdfTeX for LuaTeX (HO
)
Package pdftexcmds Info: LuaTeX not detected.
Package pdftexcmds Info: \pdf@primitive is available.
Package pdftexcmds Info: \pdf@ifprimitive is available.
Package pdftexcmds Info: \pdfdraftmode found.
Package: pdfescape 2016/05/16 v1.14 Implements pdfTeX's escape features (HO)
Package: bigintcalc 2016/05/16 v1.4 Expandable calculations on big integers (HO
)
Package: bitset 2016/05/16 v1.2 Handle bit-vector datatype (HO)
Package: uniquecounter 2016/05/16 v1.3 Provide unlimited unique counter (HO)
)
Package hobsub Info: Skipping package `hobsub' (already loaded).
Package: letltxmacro 2016/05/16 v1.5 Let assignment for LaTeX macros (HO)
Package: hopatch 2016/05/16 v1.3 Wrapper for package hooks (HO)
Package: xcolor-patch 2016/05/16 xcolor patch
Package: atveryend 2016/05/16 v1.9 Hooks at the very end of document (HO)
Package atveryend Info: \enddocument detected (standard20110627).
Package: atbegshi 2016/06/09 v1.18 At begin shipout hook (HO)
Package: refcount 2016/05/16 v3.5 Data extraction from label references (HO)
Package: hycolor 2016/05/16 v1.8 Color options for hyperref/bookmark (HO)
)
("C:\Users\marcio\AppData\Local\Programs\MiKTeX 2.9\tex/latex/graphics\keyval.s
ty"
Package: keyval 2014/10/28 v1.15 key=value parser (DPC)
\KV@toks@=\toks22
)
("C:\Users\marcio\AppData\Local\Programs\MiKTeX 2.9\tex/latex/oberdiek\auxhook.
sty"
Package: auxhook 2016/05/16 v1.4 Hooks for auxiliary files (HO)
)
("C:\Users\marcio\AppData\Local\Programs\MiKTeX 2.9\tex/latex/oberdiek\kvoption
s.sty"
Package: kvoptions 2016/05/16 v3.12 Key value format for package options (HO)
)
\@linkdim=\dimen147
\Hy@linkcounter=\count138
\Hy@pagecounter=\count139

("C:\Users\marcio\AppData\Local\Programs\MiKTeX 2.9\tex/latex/hyperref\pd1enc.d
ef"
File: pd1enc.def 2018/11/30 v6.88e Hyperref: PDFDocEncoding definition (HO)
Now handling font encoding PD1 ...
... no UTF-8 mapping file for font encoding PD1
)
\Hy@SavedSpaceFactor=\count140

("C:\Users\marcio\AppData\Local\Programs\MiKTeX 2.9\tex/latex/00miktex\hyperref
.cfg"
File: hyperref.cfg 2002/06/06 v1.2 hyperref configuration of TeXLive
)
Package hyperref Info: Hyper figures OFF on input line 4519.
Package hyperref Info: Link nesting OFF on input line 4524.
Package hyperref Info: Hyper index ON on input line 4527.
Package hyperref Info: Plain pages OFF on input line 4534.
Package hyperref Info: Backreferencing OFF on input line 4539.
Package hyperref Info: Implicit mode ON; LaTeX internals redefined.
Package hyperref Info: Bookmarks ON on input line 4772.
\c@Hy@tempcnt=\count141
 ("C:\Users\marcio\AppData\Local\Programs\MiKTeX 2.9\tex/latex/url\url.sty"
\Urlmuskip=\muskip10
Package: url 2013/09/16  ver 3.4  Verb mode for urls, etc.
)
LaTeX Info: Redefining \url on input line 5125.
\XeTeXLinkMargin=\dimen148
\Fld@menulength=\count142
\Field@Width=\dimen149
\Fld@charsize=\dimen150
Package hyperref Info: Hyper figures OFF on input line 6380.
Package hyperref Info: Link nesting OFF on input line 6385.
Package hyperref Info: Hyper index ON on input line 6388.
Package hyperref Info: backreferencing OFF on input line 6395.
Package hyperref Info: Link coloring OFF on input line 6400.
Package hyperref Info: Link coloring with OCG OFF on input line 6405.
Package hyperref Info: PDF/A mode OFF on input line 6410.
LaTeX Info: Redefining \ref on input line 6450.
LaTeX Info: Redefining \pageref on input line 6454.
\Hy@abspage=\count143
\c@Item=\count144
\c@Hfootnote=\count145
)
("C:\Users\marcio\AppData\Local\Programs\MiKTeX 2.9\tex/latex/memoir\memhfixc.s
ty"
Package: memhfixc 2013/05/30 v1.17 nameref/hyperref package fixes for memoir cl
ass
\c@memhycontfloat=\count146
\c@Hpagenote=\count147
)
Package hyperref Info: Driver (autodetected): hpdftex.

("C:\Users\marcio\AppData\Local\Programs\MiKTeX 2.9\tex/latex/hyperref\hpdftex.
def"
File: hpdftex.def 2018/11/30 v6.88e Hyperref driver for pdfTeX
\Fld@listcount=\count148
\c@bookmark@seq@number=\count149

("C:\Users\marcio\AppData\Local\Programs\MiKTeX 2.9\tex/latex/oberdiek\rerunfil
echeck.sty"
Package: rerunfilecheck 2016/05/16 v1.8 Rerun checks for auxiliary files (HO)
Package uniquecounter Info: New unique counter `rerunfilecheck' on input line 2
82.
)
\Hy@SectionHShift=\skip185
)
("C:\Users\marcio\AppData\Local\Programs\MiKTeX 2.9\tex/latex/oberdiek\bookmark
.sty"
Package: bookmark 2016/05/17 v1.26 PDF bookmarks (HO)

("C:\Users\marcio\AppData\Local\Programs\MiKTeX 2.9\tex/latex/oberdiek\bkm-pdft
ex.def"
File: bkm-pdftex.def 2016/05/17 v1.26 bookmark driver for pdfTeX (HO)
\BKM@id=\count150
))
("C:\Users\marcio\AppData\Local\Programs\MiKTeX 2.9\tex/generic/babel\babel.sty
"
Package: babel 2019/05/04 3.31 The Babel package

("C:\Users\marcio\AppData\Local\Programs\MiKTeX 2.9\tex/generic/babel\switch.de
f"
File: switch.def 2019/05/04 3.31 Babel switching mechanism
)
*************************************
* Local config file bblopts.cfg used
*
("C:\Users\marcio\AppData\Local\Programs\MiKTeX 2.9\tex/latex/arabi\bblopts.cfg
"
File: bblopts.cfg 2005/09/08 v0.1 add Arabic and Farsi to "declared" options of
 babel
)
("C:\Users\marcio\AppData\Local\Programs\MiKTeX 2.9\tex/latex/babel-english\eng
lish.ldf"
Language: english 2017/06/06 v3.3r English support from the babel system

("C:\Users\marcio\AppData\Local\Programs\MiKTeX 2.9\tex/generic/babel\babel.def
"
File: babel.def 2019/05/04 3.31 Babel common definitions
\babel@savecnt=\count151
\U@D=\dimen151

("C:\Users\marcio\AppData\Local\Programs\MiKTeX 2.9\tex/generic/babel\txtbabel.
def")
\bbl@dirlevel=\count152
)
\l@canadian = a dialect from \language\l@american 
\l@australian = a dialect from \language\l@british 
\l@newzealand = a dialect from \language\l@british 
)
("C:\Users\marcio\AppData\Local\Programs\MiKTeX 2.9\tex/latex/babel-portuges\po
rtuges.ldf"
Language: portuges 2008/03/18 v1.2q Portuguese support from the babel system
\l@brazil = a dialect from \language\l@portuges 
Package babel Info: Making " an active character on input line 145.
))
("C:\Users\marcio\AppData\Local\Programs\MiKTeX 2.9\tex/latex/enumitem\enumitem
.sty"
Package: enumitem 2019/02/04 v3.8 Customized lists
\labelindent=\skip186
\enit@outerparindent=\dimen152
\enit@toks=\toks23
\enit@inbox=\box32
\enit@count@id=\count153
\enitdp@description=\count154
)
("C:\Users\marcio\AppData\Local\Programs\MiKTeX 2.9\tex/latex/tools\calc.sty"
Package: calc 2017/05/25 v4.3 Infix arithmetic (KKT,FJ)
\calc@Acount=\count155
\calc@Bcount=\count156
\calc@Adimen=\dimen153
\calc@Bdimen=\dimen154
\calc@Askip=\skip187
\calc@Bskip=\skip188
LaTeX Info: Redefining \setlength on input line 80.
LaTeX Info: Redefining \addtolength on input line 81.
\calc@Ccount=\count157
\calc@Cskip=\skip189
)

******************************************************
Stock height and width: 845.04684pt by 597.50787pt
Top and edge trims: 0pt and 0pt
Page height and width: 845.04684pt by 597.50787pt
Text height and width: 708pt by 455pt
Spine and edge margins: 85.35826pt and 56.9055pt
Upper and lower margins: 85.35826pt and 51.68858pt
Headheight and headsep: 14.5pt and 19.8738pt
Footskip: 30pt
Columnsep and columnseprule: 10pt and 0pt
Marginparsep and marginparwidth: 7pt and 42.9055pt
Sidecapsep and sidecapwidth: 7pt and 42pt
Sidebarhsep and sidebarwidth: 7pt and 42pt
Sidebarvsep and sidebartopsep: 14.5pt and 0pt
Sidebarheight: 590.14995pt
Sidefoothsep and sidefootwidth: 7pt and 42pt
Sidefootvsep and sidefootheight: 14.5pt and 590.14995pt
******************************************************

\c@abntex@bookmarkcounter=\count158
\chapternamenumlength=\skip190
\ABNTEXcitacaorecuo=\skip191
\c@alineasi=\count159
\c@alineasii=\count160
\enitdp@alineas=\count161
\c@subalineasi=\count162
\enitdp@subalineas=\count163
\c@incisosi=\count164
\enitdp@incisos=\count165
\ABNTEXsignwidth=\skip192
\ABNTEXsignthickness=\skip193
\ABNTEXsignskip=\skip194
) (Data/udescsty.sty
("C:\Users\marcio\AppData\Local\Programs\MiKTeX 2.9\tex/latex/cmap\cmap.sty"
Package: cmap 2008/03/06 v1.0h CMap support: searchable PDF
)
("C:\Users\marcio\AppData\Local\Programs\MiKTeX 2.9\tex/latex/lm\lmodern.sty"
Package: lmodern 2009/10/30 v1.6 Latin Modern Fonts
LaTeX Font Info:    Overwriting symbol font `operators' in version `normal'
(Font)                  OT1/cmr/m/n --> OT1/lmr/m/n on input line 22.
LaTeX Font Info:    Overwriting symbol font `letters' in version `normal'
(Font)                  OML/cmm/m/it --> OML/lmm/m/it on input line 23.
LaTeX Font Info:    Overwriting symbol font `symbols' in version `normal'
(Font)                  OMS/cmsy/m/n --> OMS/lmsy/m/n on input line 24.
LaTeX Font Info:    Overwriting symbol font `largesymbols' in version `normal'
(Font)                  OMX/cmex/m/n --> OMX/lmex/m/n on input line 25.
LaTeX Font Info:    Overwriting symbol font `operators' in version `bold'
(Font)                  OT1/cmr/bx/n --> OT1/lmr/bx/n on input line 26.
LaTeX Font Info:    Overwriting symbol font `letters' in version `bold'
(Font)                  OML/cmm/b/it --> OML/lmm/b/it on input line 27.
LaTeX Font Info:    Overwriting symbol font `symbols' in version `bold'
(Font)                  OMS/cmsy/b/n --> OMS/lmsy/b/n on input line 28.
LaTeX Font Info:    Overwriting symbol font `largesymbols' in version `bold'
(Font)                  OMX/cmex/m/n --> OMX/lmex/m/n on input line 29.
LaTeX Font Info:    Overwriting math alphabet `\mathbf' in version `normal'
(Font)                  OT1/cmr/bx/n --> OT1/lmr/bx/n on input line 31.
LaTeX Font Info:    Overwriting math alphabet `\mathsf' in version `normal'
(Font)                  OT1/cmss/m/n --> OT1/lmss/m/n on input line 32.
LaTeX Font Info:    Overwriting math alphabet `\mathit' in version `normal'
(Font)                  OT1/cmr/m/it --> OT1/lmr/m/it on input line 33.
LaTeX Font Info:    Overwriting math alphabet `\mathtt' in version `normal'
(Font)                  OT1/cmtt/m/n --> OT1/lmtt/m/n on input line 34.
LaTeX Font Info:    Overwriting math alphabet `\mathbf' in version `bold'
(Font)                  OT1/cmr/bx/n --> OT1/lmr/bx/n on input line 35.
LaTeX Font Info:    Overwriting math alphabet `\mathsf' in version `bold'
(Font)                  OT1/cmss/bx/n --> OT1/lmss/bx/n on input line 36.
LaTeX Font Info:    Overwriting math alphabet `\mathit' in version `bold'
(Font)                  OT1/cmr/bx/it --> OT1/lmr/bx/it on input line 37.
LaTeX Font Info:    Overwriting math alphabet `\mathtt' in version `bold'
(Font)                  OT1/cmtt/m/n --> OT1/lmtt/m/n on input line 38.
)
("C:\Users\marcio\AppData\Local\Programs\MiKTeX 2.9\tex/latex/base\fontenc.sty"
Package: fontenc 2018/08/11 v2.0j Standard LaTeX package
("C:\Users\marcio\AppData\Local\Programs\MiKTeX 2.9\tex/latex/base\t1enc.def"
File: t1enc.def 2018/08/11 v2.0j Standard LaTeX file
LaTeX Font Info:    Redeclaring font encoding T1 on input line 48.
)<<t1.cmap>>)
("C:\Users\marcio\AppData\Local\Programs\MiKTeX 2.9\tex/latex/base\inputenc.sty
"
Package: inputenc 2018/08/11 v1.3c Input encoding file
\inpenc@prehook=\toks24
\inpenc@posthook=\toks25
)
("C:\Users\marcio\AppData\Local\Programs\MiKTeX 2.9\tex/latex/lastpage\lastpage
.sty"
Package: lastpage 2015/03/29 v1.2m Refers to last page's name (HMM; JPG)
)
("C:\Users\marcio\AppData\Local\Programs\MiKTeX 2.9\tex/latex/tools\indentfirst
.sty"
Package: indentfirst 1995/11/23 v1.03 Indent first paragraph (DPC)
)
("C:\Users\marcio\AppData\Local\Programs\MiKTeX 2.9\tex/latex/graphics\color.st
y"
Package: color 2016/07/10 v1.1e Standard LaTeX Color (DPC)

("C:\Users\marcio\AppData\Local\Programs\MiKTeX 2.9\tex/latex/graphics-cfg\colo
r.cfg"
File: color.cfg 2016/01/02 v1.6 sample color configuration
)
Package color Info: Driver file: pdftex.def on input line 147.

("C:\Users\marcio\AppData\Local\Programs\MiKTeX 2.9\tex/latex/graphics-def\pdft
ex.def"
File: pdftex.def 2018/01/08 v1.0l Graphics/color driver for pdftex
))
("C:\Users\marcio\AppData\Local\Programs\MiKTeX 2.9\tex/latex/graphics\graphicx
.sty"
Package: graphicx 2017/06/01 v1.1a Enhanced LaTeX Graphics (DPC,SPQR)

("C:\Users\marcio\AppData\Local\Programs\MiKTeX 2.9\tex/latex/graphics\graphics
.sty"
Package: graphics 2017/06/25 v1.2c Standard LaTeX Graphics (DPC,SPQR)

("C:\Users\marcio\AppData\Local\Programs\MiKTeX 2.9\tex/latex/graphics\trig.sty
"
Package: trig 2016/01/03 v1.10 sin cos tan (DPC)
)
("C:\Users\marcio\AppData\Local\Programs\MiKTeX 2.9\tex/latex/graphics-cfg\grap
hics.cfg"
File: graphics.cfg 2016/06/04 v1.11 sample graphics configuration
)
Package graphics Info: Driver file: pdftex.def on input line 99.
)
\Gin@req@height=\dimen155
\Gin@req@width=\dimen156
)

Class memoir Warning: You are using the caption package with the memoir class. 
To prepare we will now reset all captioning macros and configurations to kernel
 defaults, and then let the caption package take over. Please remember to use
 the caption package interfaces in order to
 configure your captions.


("C:\Users\marcio\AppData\Local\Programs\MiKTeX 2.9\tex/latex/caption\caption.s
ty"
Package: caption 2018/10/06 v3.3-154 Customizing captions (AR)

("C:\Users\marcio\AppData\Local\Programs\MiKTeX 2.9\tex/latex/caption\caption3.
sty"
Package: caption3 2018/09/12 v1.8c caption3 kernel (AR)
Package caption3 Info: TeX engine: e-TeX on input line 64.
\captionmargin=\dimen157
\captionmargin@=\dimen158
\captionwidth=\dimen159
\caption@tempdima=\dimen160
\caption@indent=\dimen161
\caption@parindent=\dimen162
\caption@hangindent=\dimen163
)
\c@caption@flags=\count166
\c@ContinuedFloat=\count167
Package caption Info: hyperref package is loaded.
)
("C:\Users\marcio\AppData\Local\Programs\MiKTeX 2.9\tex/latex/tools\longtable.s
ty"
Package: longtable 2014/10/28 v4.11 Multi-page Table package (DPC)+ FMi change
\LTleft=\skip256
\LTright=\skip257
\LTpre=\skip258
\LTpost=\skip259
\LTchunksize=\count168
\LTcapwidth=\dimen164
\LT@head=\box33
\LT@firsthead=\box34
\LT@foot=\box35
\LT@lastfoot=\box36
\LT@cols=\count169
\LT@rows=\count170
\c@LT@tables=\count171
\c@LT@chunks=\count172
\LT@p@ftn=\toks26
)
("C:\Users\marcio\AppData\Local\Programs\MiKTeX 2.9\tex/latex/amsmath\amsmath.s
ty"
Package: amsmath 2018/12/01 v2.17b AMS math features
\@mathmargin=\skip260

For additional information on amsmath, use the `?' option.

("C:\Users\marcio\AppData\Local\Programs\MiKTeX 2.9\tex/latex/amsmath\amstext.s
ty"
Package: amstext 2000/06/29 v2.01 AMS text

("C:\Users\marcio\AppData\Local\Programs\MiKTeX 2.9\tex/latex/amsmath\amsgen.st
y"
File: amsgen.sty 1999/11/30 v2.0 generic functions
\@emptytoks=\toks27
\ex@=\dimen165
))
("C:\Users\marcio\AppData\Local\Programs\MiKTeX 2.9\tex/latex/amsmath\amsbsy.st
y"
Package: amsbsy 1999/11/29 v1.2d Bold Symbols
\pmbraise@=\dimen166
)
("C:\Users\marcio\AppData\Local\Programs\MiKTeX 2.9\tex/latex/amsmath\amsopn.st
y"
Package: amsopn 2016/03/08 v2.02 operator names
)
\inf@bad=\count173
LaTeX Info: Redefining \frac on input line 223.
\uproot@=\count174
\leftroot@=\count175
LaTeX Info: Redefining \overline on input line 385.
\classnum@=\count176
\DOTSCASE@=\count177
LaTeX Info: Redefining \ldots on input line 482.
LaTeX Info: Redefining \dots on input line 485.
LaTeX Info: Redefining \cdots on input line 606.
\Mathstrutbox@=\box37
\strutbox@=\box38
\big@size=\dimen167
LaTeX Font Info:    Redeclaring font encoding OML on input line 729.
LaTeX Font Info:    Redeclaring font encoding OMS on input line 730.
\macc@depth=\count178
\c@MaxMatrixCols=\count179
\dotsspace@=\muskip11
\c@parentequation=\count180
\dspbrk@lvl=\count181
\tag@help=\toks28
\row@=\count182
\column@=\count183
\maxfields@=\count184
\andhelp@=\toks29
\eqnshift@=\dimen168
\alignsep@=\dimen169
\tagshift@=\dimen170
\tagwidth@=\dimen171
\totwidth@=\dimen172
\lineht@=\dimen173
\@envbody=\toks30
\multlinegap=\skip261
\multlinetaggap=\skip262
\mathdisplay@stack=\toks31
LaTeX Info: Redefining \[ on input line 2844.
LaTeX Info: Redefining \] on input line 2845.
)
("C:\Users\marcio\AppData\Local\Programs\MiKTeX 2.9\tex/latex/amsfonts\amssymb.
sty"
Package: amssymb 2013/01/14 v3.01 AMS font symbols

("C:\Users\marcio\AppData\Local\Programs\MiKTeX 2.9\tex/latex/amsfonts\amsfonts
.sty"
Package: amsfonts 2013/01/14 v3.01 Basic AMSFonts support
\symAMSa=\mathgroup4
\symAMSb=\mathgroup5
LaTeX Font Info:    Overwriting math alphabet `\mathfrak' in version `bold'
(Font)                  U/euf/m/n --> U/euf/b/n on input line 106.
))
("C:\Users\marcio\AppData\Local\Programs\MiKTeX 2.9\tex/latex/geometry\geometry
.sty"
Package: geometry 2018/04/16 v5.8 Page Geometry
\Gm@cnth=\count185
\Gm@cntv=\count186
\c@Gm@tempcnt=\count187
\Gm@bindingoffset=\dimen174
\Gm@wd@mp=\dimen175
\Gm@odd@mp=\dimen176
\Gm@even@mp=\dimen177
\Gm@layoutwidth=\dimen178
\Gm@layoutheight=\dimen179
\Gm@layouthoffset=\dimen180
\Gm@layoutvoffset=\dimen181
\Gm@dimlist=\toks32

("C:\Users\marcio\AppData\Local\Programs\MiKTeX 2.9\tex/latex/geometry\geometry
.cfg"))
("C:\Users\marcio\AppData\Local\Programs\MiKTeX 2.9\tex/latex/psnfss\helvet.sty
"
Package: helvet 2005/04/12 PSNFSS-v9.2a (WaS) 
)
("C:\Users\marcio\AppData\Local\Programs\MiKTeX 2.9\tex/latex/listings\listings
.sty"
\lst@mode=\count188
\lst@gtempboxa=\box39
\lst@token=\toks33
\lst@length=\count189
\lst@currlwidth=\dimen182
\lst@column=\count190
\lst@pos=\count191
\lst@lostspace=\dimen183
\lst@width=\dimen184
\lst@newlines=\count192
\lst@lineno=\count193
\lst@maxwidth=\dimen185

("C:\Users\marcio\AppData\Local\Programs\MiKTeX 2.9\tex/latex/listings\lstmisc.
sty"
File: lstmisc.sty 2019/02/27 1.8b (Carsten Heinz)
\c@lstnumber=\count194
\lst@skipnumbers=\count266
\lst@framebox=\box40
)
("C:\Users\marcio\AppData\Local\Programs\MiKTeX 2.9\tex/latex/listings\listings
.cfg"
File: listings.cfg 2019/02/27 1.8b listings configuration
))
Package: listings 2019/02/27 1.8b (Carsten Heinz)

("C:\Users\marcio\AppData\Local\Programs\MiKTeX 2.9\tex/latex/oberdiek\epstopdf
.sty"
Package: epstopdf 2016/05/15 v2.6 Conversion with epstopdf on the fly (HO)

("C:\Users\marcio\AppData\Local\Programs\MiKTeX 2.9\tex/latex/oberdiek\epstopdf
-base.sty"
Package: epstopdf-base 2016/05/15 v2.6 Base part for package epstopdf

("C:\Users\marcio\AppData\Local\Programs\MiKTeX 2.9\tex/latex/oberdiek\grfext.s
ty"
Package: grfext 2016/05/16 v1.2 Manage graphics extensions (HO)
)
Package epstopdf-base Info: Redefining graphics rule for `.eps' on input line 4
38.
Package grfext Info: Graphics extension search list:
(grfext)             [.pdf,.png,.jpg,.mps,.jpeg,.jbig2,.jb2,.PDF,.PNG,.JPG,.JPE
G,.JBIG2,.JB2,.eps]
(grfext)             \AppendGraphicsExtensions on input line 456.
)) (Data/subfigure.sty

LaTeX Warning: You have requested package `./Data/subfigure',
               but the package provides `subfigure'.

Package: subfigure 2002/07/30 v2.1.4 subfigure package
\subfigtopskip=\skip263
\subfigcapskip=\skip264
\subfigcaptopadj=\dimen186
\subfigbottomskip=\skip265
\subfigcapmargin=\dimen187
\subfiglabelskip=\skip266
\c@subfigure=\count267
\c@subtable=\count268
****************************************
* Local config file subfigure.cfg used *
****************************************

("C:\Users\marcio\AppData\Local\Programs\MiKTeX 2.9\tex/latex/subfigure\subfigu
re.cfg")
\subfig@top=\skip267
\subfig@bottom=\skip268
)
("C:\Users\marcio\AppData\Local\Programs\MiKTeX 2.9\tex/latex/listings\lstlang1
.sty"
File: lstlang1.sty 2019/02/27 1.8b listings language file
)
("C:\Users\marcio\AppData\Local\Programs\MiKTeX 2.9\tex/latex/listings\lstmisc.
sty"
File: lstmisc.sty 2019/02/27 1.8b (Carsten Heinz)
)
("C:\Users\marcio\AppData\Local\Programs\MiKTeX 2.9\tex/latex/lipsum\lipsum.sty
"
("C:\Users\marcio\AppData\Local\Programs\MiKTeX 2.9\tex/latex/l3kernel\expl3.st
y"
Package: expl3 2019-05-28 L3 programming layer (loader) 

("C:\Users\marcio\AppData\Local\Programs\MiKTeX 2.9\tex/latex/l3kernel\expl3-co
de.tex"
Package: expl3 2019-05-28 L3 programming layer (code)
\c_max_int=\count269
\l_tmpa_int=\count270
\l_tmpb_int=\count271
\g_tmpa_int=\count272
\g_tmpb_int=\count273
\g__kernel_prg_map_int=\count274
\c__ior_term_ior=\count275
\c_log_iow=\count276
\l_iow_line_count_int=\count277
\l__iow_line_target_int=\count278
\l__iow_one_indent_int=\count279
\l__iow_indent_int=\count280
\c_zero_dim=\dimen188
\c_max_dim=\dimen189
\l_tmpa_dim=\dimen190
\l_tmpb_dim=\dimen191
\g_tmpa_dim=\dimen192
\g_tmpb_dim=\dimen193
\c_zero_skip=\skip269
\c_max_skip=\skip270
\l_tmpa_skip=\skip271
\l_tmpb_skip=\skip272
\g_tmpa_skip=\skip273
\g_tmpb_skip=\skip274
\c_zero_muskip=\muskip12
\c_max_muskip=\muskip13
\l_tmpa_muskip=\muskip14
\l_tmpb_muskip=\muskip15
\g_tmpa_muskip=\muskip16
\g_tmpb_muskip=\muskip17
\l_keys_choice_int=\count281
\l__intarray_loop_int=\count282
\c__intarray_sp_dim=\dimen194
\g__intarray_font_int=\count283
\c__fp_leading_shift_int=\count284
\c__fp_middle_shift_int=\count285
\c__fp_trailing_shift_int=\count286
\c__fp_big_leading_shift_int=\count287
\c__fp_big_middle_shift_int=\count288
\c__fp_big_trailing_shift_int=\count289
\c__fp_Bigg_leading_shift_int=\count290
\c__fp_Bigg_middle_shift_int=\count291
\c__fp_Bigg_trailing_shift_int=\count292
\c__kernel_randint_max_int=\count293
\g__fp_array_int=\count294
\l__fp_array_loop_int=\count295
\l__sort_length_int=\count296
\l__sort_min_int=\count297
\l__sort_top_int=\count298
\l__sort_max_int=\count299
\l__sort_true_max_int=\count300
\l__sort_block_int=\count301
\l__sort_begin_int=\count302
\l__sort_end_int=\count303
\l__sort_A_int=\count304
\l__sort_B_int=\count305
\l__sort_C_int=\count306
\l__tl_analysis_normal_int=\count307
\l__tl_analysis_index_int=\count308
\l__tl_analysis_nesting_int=\count309
\l__tl_analysis_type_int=\count310
\l__regex_internal_a_int=\count311
\l__regex_internal_b_int=\count312
\l__regex_internal_c_int=\count313
\l__regex_balance_int=\count314
\l__regex_group_level_int=\count315
\l__regex_mode_int=\count316
\c__regex_cs_in_class_mode_int=\count317
\c__regex_cs_mode_int=\count318
\l__regex_catcodes_int=\count319
\l__regex_default_catcodes_int=\count320
\c__regex_catcode_D_int=\count321
\c__regex_catcode_S_int=\count322
\c__regex_catcode_L_int=\count323
\c__regex_catcode_O_int=\count324
\c__regex_catcode_A_int=\count325
\c__regex_all_catcodes_int=\count326
\l__regex_show_lines_int=\count327
\l__regex_min_state_int=\count328
\l__regex_max_state_int=\count329
\l__regex_left_state_int=\count330
\l__regex_right_state_int=\count331
\l__regex_capturing_group_int=\count332
\l__regex_min_pos_int=\count333
\l__regex_max_pos_int=\count334
\l__regex_curr_pos_int=\count335
\l__regex_start_pos_int=\count336
\l__regex_success_pos_int=\count337
\l__regex_curr_char_int=\count338
\l__regex_curr_catcode_int=\count339
\l__regex_last_char_int=\count340
\l__regex_case_changed_char_int=\count341
\l__regex_curr_state_int=\count342
\l__regex_step_int=\count343
\l__regex_min_active_int=\count344
\l__regex_max_active_int=\count345
\l__regex_replacement_csnames_int=\count346
\l__regex_match_count_int=\count347
\l__regex_min_submatch_int=\count348
\l__regex_submatch_int=\count349
\l__regex_zeroth_submatch_int=\count350
\g__regex_trace_regex_int=\count351
\c_empty_box=\box41
\l_tmpa_box=\box42
\l_tmpb_box=\box43
\g_tmpa_box=\box44
\g_tmpb_box=\box45
\l__box_top_dim=\dimen256
\l__box_bottom_dim=\dimen257
\l__box_left_dim=\dimen258
\l__box_right_dim=\dimen259
\l__box_top_new_dim=\dimen260
\l__box_bottom_new_dim=\dimen261
\l__box_left_new_dim=\dimen262
\l__box_right_new_dim=\dimen263
\l__box_internal_box=\box46
\l__coffin_internal_box=\box47
\l__coffin_internal_dim=\dimen264
\l__coffin_offset_x_dim=\dimen265
\l__coffin_offset_y_dim=\dimen266
\l__coffin_x_dim=\dimen267
\l__coffin_y_dim=\dimen268
\l__coffin_x_prime_dim=\dimen269
\l__coffin_y_prime_dim=\dimen270
\c_empty_coffin=\box48
\l__coffin_aligned_coffin=\box49
\l__coffin_aligned_internal_coffin=\box50
\l_tmpa_coffin=\box51
\l_tmpb_coffin=\box52
\g_tmpa_coffin=\box53
\g_tmpb_coffin=\box54
\l__coffin_bounding_shift_dim=\dimen271
\l__coffin_left_corner_dim=\dimen272
\l__coffin_right_corner_dim=\dimen273
\l__coffin_bottom_corner_dim=\dimen274
\l__coffin_top_corner_dim=\dimen275
\l__coffin_scaled_total_height_dim=\dimen276
\l__coffin_scaled_width_dim=\dimen277
\c__coffin_empty_coffin=\box55
\l__coffin_display_coffin=\box56
\l__coffin_display_coord_coffin=\box57
\l__coffin_display_pole_coffin=\box58
\l__coffin_display_offset_dim=\dimen278
\l__coffin_display_x_dim=\dimen279
\l__coffin_display_y_dim=\dimen280
\g__file_internal_ior=\read2
\l__seq_internal_a_int=\count352
\l__seq_internal_b_int=\count353
\c__deprecation_minus_one=\count354
)
("C:\Users\marcio\AppData\Local\Programs\MiKTeX 2.9\tex/latex/l3kernel\l3pdfmod
e.def"
File: l3pdfmode.def 2019-04-06 v L3 Experimental driver: PDF mode
\l__driver_internal_box=\box59
\l__driver_color_stack_int=\count355
))
("C:\Users\marcio\AppData\Local\Programs\MiKTeX 2.9\tex/latex/l3packages/xparse
\xparse.sty"
Package: xparse 2019-05-28 L3 Experimental document command parser
\l__xparse_current_arg_int=\count356
\g__xparse_grabber_int=\count357
\l__xparse_m_args_int=\count358
\l__xparse_v_nesting_int=\count359
)
Package: lipsum 2019/01/02 v2.2 150 paragraphs of Lorem Ipsum dummy text

("C:\Users\marcio\AppData\Local\Programs\MiKTeX 2.9\tex/latex/lipsum\lipsum.ltd
.tex"
File: lipsum.ltd.tex 2019/01/02 v2.2 The Lorem ipsum dummy text
))
("C:\Users\marcio\AppData\Local\Programs\MiKTeX 2.9\tex/latex/abntex2\abntex2ci
te.sty"
Package: abntex2cite 2018/11/24 v-1.9.7 abnTeX2

("C:\Users\marcio\AppData\Local\Programs\MiKTeX 2.9\tex/latex/abntex2\abntex2ab
rev.sty")
\minimumbiblabelwidth=\skip275
\ABCIauxlen=\skip276
\c@ABCIaux=\count360
\c@ABCImax=\count361

("C:\Users\marcio\AppData\Local\Programs\MiKTeX 2.9\tex/latex/relsize\relsize.s
ty"
Package: relsize 2013/03/29 ver 4.1
)
\biblabelsep=\skip277
LaTeX Info: Redefining \newblock on input line 591.
LaTeX Info: Redefining \cite on input line 618.
\ABCItoken=\toks34
)
Package color Info: Redefining color blue on input line 83.
Package hyperref Info: Option `colorlinks' set `true' on input line 100.
)
("C:\Users\marcio\AppData\Local\Programs\MiKTeX 2.9\tex/latex/xcolor\xcolor.sty
"
Package: xcolor 2016/05/11 v2.12 LaTeX color extensions (UK)

("C:\Users\marcio\AppData\Local\Programs\MiKTeX 2.9\tex/latex/graphics-cfg\colo
r.cfg"
File: color.cfg 2016/01/02 v1.6 sample color configuration
)
Package xcolor Info: Driver file: pdftex.def on input line 225.

("C:\Users\marcio\AppData\Local\Programs\MiKTeX 2.9\tex/latex/colortbl\colortbl
.sty"
Package: colortbl 2018/12/12 v1.0d Color table columns (DPC)
\everycr=\toks35
\minrowclearance=\skip278
)
LaTeX Info: Redefining \color on input line 709.
\rownum=\count362
Package xcolor Info: Model `cmy' substituted by `cmy0' on input line 1348.
Package xcolor Info: Model `hsb' substituted by `rgb' on input line 1352.
Package xcolor Info: Model `RGB' extended on input line 1364.
Package xcolor Info: Model `HTML' substituted by `rgb' on input line 1366.
Package xcolor Info: Model `Hsb' substituted by `hsb' on input line 1367.
Package xcolor Info: Model `tHsb' substituted by `hsb' on input line 1368.
Package xcolor Info: Model `HSB' substituted by `hsb' on input line 1369.
Package xcolor Info: Model `Gray' substituted by `gray' on input line 1370.
Package xcolor Info: Model `wave' substituted by `hsb' on input line 1371.
) (Main.aux (pretextual.aux) (cap1.aux) (cap2.aux) (cap3.aux) (cap4.aux)
(cap5.aux) (cap6.aux) (consideracoesFinais.aux))
\openout1 = `Main.aux'.

LaTeX Font Info:    Checking defaults for OML/cmm/m/it on input line 51.
LaTeX Font Info:    ... okay on input line 51.
LaTeX Font Info:    Checking defaults for T1/cmr/m/n on input line 51.
LaTeX Font Info:    ... okay on input line 51.
LaTeX Font Info:    Checking defaults for OT1/cmr/m/n on input line 51.
LaTeX Font Info:    ... okay on input line 51.
LaTeX Font Info:    Checking defaults for OMS/cmsy/m/n on input line 51.
LaTeX Font Info:    ... okay on input line 51.
LaTeX Font Info:    Checking defaults for OMX/cmex/m/n on input line 51.
LaTeX Font Info:    ... okay on input line 51.
LaTeX Font Info:    Checking defaults for U/cmr/m/n on input line 51.
LaTeX Font Info:    ... okay on input line 51.
LaTeX Font Info:    Checking defaults for PD1/pdf/m/n on input line 51.
LaTeX Font Info:    ... okay on input line 51.
LaTeX Font Info:    Try loading font information for T1+phv on input line 51.

("C:\Users\marcio\AppData\Local\Programs\MiKTeX 2.9\tex/latex/psnfss\t1phv.fd"
File: t1phv.fd 2001/06/04 scalable font definitions for T1/phv.
)
LaTeX Font Info:    Font shape `T1/phv/m/n' will be
(Font)              scaled to size 11.39996pt on input line 51.
\AtBeginShipoutBox=\box60
Package hyperref Info: Link coloring ON on input line 51.

("C:\Users\marcio\AppData\Local\Programs\MiKTeX 2.9\tex/latex/hyperref\nameref.
sty"
Package: nameref 2016/05/21 v2.44 Cross-referencing by name of section

("C:\Users\marcio\AppData\Local\Programs\MiKTeX 2.9\tex/generic/oberdiek\gettit
lestring.sty"
Package: gettitlestring 2016/05/16 v1.5 Cleanup title references (HO)
)
\c@section@level=\count363
)
Redoing nameref's sectioning
Redoing nameref's label
LaTeX Info: Redefining \nameref on input line 51.
LaTeX Info: Redefining \ref on input line 51.
LaTeX Info: Redefining \pageref on input line 51.
LaTeX Info: Redefining \nameref on input line 51.
Package lastpage Info: Please have a look at the pageslts package at
(lastpage)             https://www.ctan.org/pkg/pageslts
(lastpage)             ! on input line 51.

("C:\Users\marcio\AppData\Local\Programs\MiKTeX 2.9\tex/context/base/mkii\supp-
pdf.mkii"
[Loading MPS to PDF converter (version 2006.09.02).]
\scratchcounter=\count364
\scratchdimen=\dimen281
\scratchbox=\box61
\nofMPsegments=\count365
\nofMParguments=\count366
\everyMPshowfont=\toks36
\MPscratchCnt=\count367
\MPscratchDim=\dimen282
\MPnumerator=\count368
\makeMPintoPDFobject=\count369
\everyMPtoPDFconversion=\toks37
)
Package caption Info: Begin \AtBeginDocument code.
Package caption Info: listings package is loaded.
Package caption Info: longtable package is loaded.

("C:\Users\marcio\AppData\Local\Programs\MiKTeX 2.9\tex/latex/caption\ltcaption
.sty"
Package: ltcaption 2018/08/26 v1.4-95 longtable captions (AR)
)
Package caption Info: End \AtBeginDocument code.

*geometry* driver: auto-detecting
*geometry* detected driver: pdftex
*geometry* verbose mode - [ preamble ] result:
* driver: pdftex
* paper: a4paper
* layout: <same size as paper>
* layoutoffset:(h,v)=(0.0pt,0.0pt)
* modes: 
* h-part:(L,W,R)=(71.13188pt, 483.69687pt, 42.67912pt)
* v-part:(T,H,B)=(56.9055pt, 745.46222pt, 42.67912pt)
* \paperwidth=597.50787pt
* \paperheight=845.04684pt
* \textwidth=483.69687pt
* \textheight=745.46222pt
* \oddsidemargin=-1.1381pt
* \evensidemargin=-1.1381pt
* \topmargin=-55.15512pt
* \headheight=19.91684pt
* \headsep=19.8738pt
* \topskip=12.0pt
* \footskip=19.91684pt
* \marginparwidth=42.9055pt
* \marginparsep=7.0pt
* \columnsep=10.0pt
* \skip\footins=12.0pt plus 4.0pt minus 4.0pt
* \hoffset=0.0pt
* \voffset=0.0pt
* \mag=1000
* \@twocolumnfalse
* \@twosidefalse
* \@mparswitchfalse
* \@reversemarginfalse
* (1in=72.27pt=25.4mm, 1cm=28.453pt)

\c@lstlisting=\count370
\openout2 = `pretextual.aux'.

(pretextual.tex
LaTeX Font Info:    Try loading font information for OT1+lmr on input line 9.

("C:\Users\marcio\AppData\Local\Programs\MiKTeX 2.9\tex/latex/lm\ot1lmr.fd"
File: ot1lmr.fd 2009/10/30 v1.6 Font defs for Latin Modern
)<<ot1.cmap>>
LaTeX Font Info:    Try loading font information for OML+lmm on input line 9.

("C:\Users\marcio\AppData\Local\Programs\MiKTeX 2.9\tex/latex/lm\omllmm.fd"
File: omllmm.fd 2009/10/30 v1.6 Font defs for Latin Modern
)<<oml.cmap>>
LaTeX Font Info:    Try loading font information for OMS+lmsy on input line 9.

("C:\Users\marcio\AppData\Local\Programs\MiKTeX 2.9\tex/latex/lm\omslmsy.fd"
File: omslmsy.fd 2009/10/30 v1.6 Font defs for Latin Modern
)<<oms.cmap>>
LaTeX Font Info:    Try loading font information for OMX+lmex on input line 9.

("C:\Users\marcio\AppData\Local\Programs\MiKTeX 2.9\tex/latex/lm\omxlmex.fd"
File: omxlmex.fd 2009/10/30 v1.6 Font defs for Latin Modern
)
LaTeX Font Info:    External font `lmex10' loaded for size
(Font)              <12> on input line 9.
<<omx.cmap>>
LaTeX Font Info:    External font `lmex10' loaded for size
(Font)              <8> on input line 9.
LaTeX Font Info:    External font `lmex10' loaded for size
(Font)              <6> on input line 9.
LaTeX Font Info:    Try loading font information for U+msa on input line 9.

("C:\Users\marcio\AppData\Local\Programs\MiKTeX 2.9\tex/latex/amsfonts\umsa.fd"
File: umsa.fd 2013/01/14 v3.01 AMS symbols A
)
LaTeX Font Info:    Try loading font information for U+msb on input line 9.
 ("C:\Users\marcio\AppData\Local\Programs\MiKTeX 2.9\tex/latex/amsfonts\umsb.fd
"
File: umsb.fd 2013/01/14 v3.01 AMS symbols B
)
LaTeX Font Info:    Font shape `T1/phv/bx/n' in size <12> not available
(Font)              Font shape `T1/phv/b/n' tried instead on input line 9.
LaTeX Font Info:    Font shape `T1/phv/b/n' will be
(Font)              scaled to size 11.39996pt on input line 9.
LaTeX Font Info:    Font shape `T1/phv/bx/n' in size <14.4> not available
(Font)              Font shape `T1/phv/b/n' tried instead on input line 9.
LaTeX Font Info:    Font shape `T1/phv/b/n' will be
(Font)              scaled to size 13.67995pt on input line 9.
 [1


{C:/Users/marcio/AppData/Local/MiKTeX/2.9/pdftex/config/pdftex.map}]
LaTeX Font Info:    Font shape `T1/phv/m/n' will be
(Font)              scaled to size 13.67995pt on input line 18.
pdfTeX warning (ext4): destination with the same identifier (name{page.1}) has 
been already used, duplicate ignored
<to be read again> 
                   \relax 
l.18 
      [1



]
LaTeX Font Info:    Font shape `T1/phv/bx/n' in size <17.28> not available
(Font)              Font shape `T1/phv/b/n' tried instead on input line 126.
LaTeX Font Info:    Font shape `T1/phv/b/n' will be
(Font)              scaled to size 16.41594pt on input line 126.
 (Main.lof
Overfull \hbox (5.5788pt too wide) detected at line 23
\T1/phv/m/n/12 Figura 5.10  -- 
 []


Overfull \hbox (5.5788pt too wide) detected at line 24
\T1/phv/m/n/12 Figura 5.11  -- 
 []


Overfull \hbox (5.5788pt too wide) detected at line 25
\T1/phv/m/n/12 Figura 5.12  -- 
 []


Overfull \hbox (5.5788pt too wide) detected at line 26
\T1/phv/m/n/12 Figura 5.13  -- 
 []


Overfull \hbox (5.5788pt too wide) detected at line 27
\T1/phv/m/n/12 Figura 5.14  -- 
 []


Overfull \hbox (5.5788pt too wide) detected at line 28
\T1/phv/m/n/12 Figura 5.15  -- 
 []


Overfull \hbox (5.5788pt too wide) detected at line 29
\T1/phv/m/n/12 Figura 5.16  -- 
 []


Overfull \hbox (5.5788pt too wide) detected at line 30
\T1/phv/m/n/12 Figura 5.17  -- 
 []


Overfull \hbox (5.5788pt too wide) detected at line 31
\T1/phv/m/n/12 Figura 5.18  -- 
 []


Overfull \hbox (5.5788pt too wide) detected at line 32
\T1/phv/m/n/12 Figura 5.19  -- 
 []


Overfull \hbox (5.5788pt too wide) detected at line 33
\T1/phv/m/n/12 Figura 5.20  -- 
 []


Overfull \hbox (5.5788pt too wide) detected at line 34
\T1/phv/m/n/12 Figura 5.21  -- 
 []


Overfull \hbox (5.5788pt too wide) detected at line 35
\T1/phv/m/n/12 Figura 5.22  -- 
 []


Overfull \hbox (5.5788pt too wide) detected at line 36
\T1/phv/m/n/12 Figura 5.23  -- 
 []


Overfull \hbox (5.5788pt too wide) detected at line 37
\T1/phv/m/n/12 Figura 5.24  -- 
 []


Overfull \hbox (5.5788pt too wide) detected at line 38
\T1/phv/m/n/12 Figura 5.25  -- 
 []


Overfull \hbox (5.5788pt too wide) detected at line 39
\T1/phv/m/n/12 Figura 5.26  -- 
 []


Overfull \hbox (5.5788pt too wide) detected at line 40
\T1/phv/m/n/12 Figura 5.27  -- 
 []


Overfull \hbox (5.5788pt too wide) detected at line 41
\T1/phv/m/n/12 Figura 5.28  -- 
 []


Overfull \hbox (5.5788pt too wide) detected at line 42
\T1/phv/m/n/12 Figura 5.29  -- 
 []


Overfull \hbox (5.5788pt too wide) detected at line 43
\T1/phv/m/n/12 Figura 5.30  -- 
 []


Overfull \hbox (5.5788pt too wide) detected at line 44
\T1/phv/m/n/12 Figura 5.31  -- 
 []

[2]
Overfull \hbox (5.5788pt too wide) detected at line 45
\T1/phv/m/n/12 Figura 5.32  -- 
 []


Overfull \hbox (5.5788pt too wide) detected at line 46
\T1/phv/m/n/12 Figura 5.33  -- 
 []


Overfull \hbox (5.5788pt too wide) detected at line 47
\T1/phv/m/n/12 Figura 5.34  -- 
 []


Overfull \hbox (5.5788pt too wide) detected at line 48
\T1/phv/m/n/12 Figura 5.35  -- 
 []


Overfull \hbox (5.5788pt too wide) detected at line 49
\T1/phv/m/n/12 Figura 5.36  -- 
 []


Overfull \hbox (5.5788pt too wide) detected at line 50
\T1/phv/m/n/12 Figura 5.37  -- 
 []


Overfull \hbox (5.5788pt too wide) detected at line 51
\T1/phv/m/n/12 Figura 5.38  -- 
 []


Overfull \hbox (5.5788pt too wide) detected at line 52
\T1/phv/m/n/12 Figura 5.39  -- 
 []


Overfull \hbox (5.5788pt too wide) detected at line 53
\T1/phv/m/n/12 Figura 5.40  -- 
 []


Overfull \hbox (5.5788pt too wide) detected at line 54
\T1/phv/m/n/12 Figura 5.41  -- 
 []


Overfull \hbox (5.5788pt too wide) detected at line 55
\T1/phv/m/n/12 Figura 5.42  -- 
 []


Overfull \hbox (5.5788pt too wide) detected at line 56
\T1/phv/m/n/12 Figura 5.43  -- 
 []


Overfull \hbox (5.5788pt too wide) detected at line 57
\T1/phv/m/n/12 Figura 5.44  -- 
 []


Overfull \hbox (5.5788pt too wide) detected at line 58
\T1/phv/m/n/12 Figura 5.45  -- 
 []

) [3]) [4



] (Main.toc [5

] [6]) [7]
\openout2 = `cap1.aux'.

 (cap1.tex
LaTeX Font Info:    Font shape `T1/phv/m/n' will be
(Font)              scaled to size 7.59998pt on input line 3.
LaTeX Font Info:    Font shape `T1/phv/m/n' will be
(Font)              scaled to size 9.49997pt on input line 3.
LaTeX Font Info:    External font `lmex10' loaded for size
(Font)              <10> on input line 3.
LaTeX Font Info:    External font `lmex10' loaded for size
(Font)              <7> on input line 3.
LaTeX Font Info:    External font `lmex10' loaded for size
(Font)              <5> on input line 3.
LaTeX Font Info:    Font shape `T1/phv/m/n' will be
(Font)              scaled to size 6.64998pt on input line 3.
 [8



]
LaTeX Font Info:    Try loading font information for OMS+phv on input line 44.

("C:\Users\marcio\AppData\Local\Programs\MiKTeX 2.9\tex/latex/psnfss\omsphv.fd"
File: omsphv.fd 
)
LaTeX Font Info:    Font shape `OMS/phv/m/n' in size <12> not available
(Font)              Font shape `OMS/cmsy/m/n' tried instead on input line 44.
LaTeX Font Info:    Font shape `T1/phv/m/it' in size <10> not available
(Font)              Font shape `T1/phv/m/sl' tried instead on input line 57.
LaTeX Font Info:    Font shape `T1/phv/m/sl' will be
(Font)              scaled to size 9.49997pt on input line 57.
 [9]

LaTeX Warning: No positions in optional float specifier.
               Default added (so using `tbp') on input line 58.

[10]) [11]
\openout2 = `cap2.aux'.

 (cap2.tex [12



] [13]
<./Figuras/cenario-atual1.png, id=393, 537.50812pt x 665.48625pt>
File: ./Figuras/cenario-atual1.png Graphic file (type png)
<use ./Figuras/cenario-atual1.png>
Package pdftex.def Info: ./Figuras/cenario-atual1.png  used on input line 26.
(pdftex.def)             Requested size: 295.63037pt x 366.01857pt.
 [14 <./Figuras/cenario-atual1.png>] [15]
<./Figuras/cenario-agilit1.png, id=404, 637.63219pt x 670.75594pt>
File: ./Figuras/cenario-agilit1.png Graphic file (type png)
<use ./Figuras/cenario-agilit1.png>
Package pdftex.def Info: ./Figuras/cenario-agilit1.png  used on input line 39.
(pdftex.def)             Requested size: 331.57065pt x 348.79509pt.

[16 <./Figuras/cenario-agilit1.png>]) [17]
\openout2 = `cap3.aux'.

 (cap3.tex
LaTeX Font Info:    Font shape `T1/phv/m/it' in size <12> not available
(Font)              Font shape `T1/phv/m/sl' tried instead on input line 6.
LaTeX Font Info:    Font shape `T1/phv/m/sl' will be
(Font)              scaled to size 11.39996pt on input line 6.
) [18



]
\openout2 = `cap4.aux'.

 (cap4.tex [19



]
[20]
<./Figuras/fluxo-sistema.png, id=480, 769.87625pt x 885.3075pt>
File: ./Figuras/fluxo-sistema.png Graphic file (type png)
<use ./Figuras/fluxo-sistema.png>
Package pdftex.def Info: ./Figuras/fluxo-sistema.png  used on input line 52.
(pdftex.def)             Requested size: 423.43324pt x 486.92062pt.
 [21 <./Figuras/fluxo-sistema.png>]
<./Figuras/caso-uso.png, id=487, 866.48718pt x 509.65407pt>
File: ./Figuras/caso-uso.png Graphic file (type png)
<use ./Figuras/caso-uso.png>
Package pdftex.def Info: ./Figuras/caso-uso.png  used on input line 64.
(pdftex.def)             Requested size: 433.24252pt x 254.8264pt.
 [22 <./Figuras/caso-uso.png>]
<./Figuras/er3.png, id=493, 716.6775pt x 736.25063pt>
File: ./Figuras/er3.png Graphic file (type png)
<use ./Figuras/er3.png>
Package pdftex.def Info: ./Figuras/er3.png  used on input line 76.
(pdftex.def)             Requested size: 501.67084pt x 515.37192pt.

Overfull \hbox (17.97397pt too wide) in paragraph at lines 76--77
 [] 
 []

[23 <./Figuras/er3.png>]
<./Figuras/cronograma-3-semestre.png, id=499, 513.41812pt x 156.585pt>
File: ./Figuras/cronograma-3-semestre.png Graphic file (type png)
<use ./Figuras/cronograma-3-semestre.png>
Package pdftex.def Info: ./Figuras/cronograma-3-semestre.png  used on input lin
e 93.
(pdftex.def)             Requested size: 462.07202pt x 140.92519pt.
<./Figuras/cronograma-4-semestre.png, id=500, 513.41812pt x 155.07938pt>
File: ./Figuras/cronograma-4-semestre.png Graphic file (type png)
<use ./Figuras/cronograma-4-semestre.png>
Package pdftex.def Info: ./Figuras/cronograma-4-semestre.png  used on input lin
e 101.
(pdftex.def)             Requested size: 462.07202pt x 139.57013pt.
) [24 <./Figuras/cronograma-3-semestre.png> <./Figuras/cronograma-4-semestre.pn
g>]
\openout2 = `cap5.aux'.

 (cap5.tex [25



]
<./Figuras/web/login.png, id=515, 626.34pt x 432.11438pt>
File: ./Figuras/web/login.png Graphic file (type png)
<use ./Figuras/web/login.png>
Package pdftex.def Info: ./Figuras/web/login.png  used on input line 15.
(pdftex.def)             Requested size: 438.435pt x 302.478pt.
 [26 <./Figuras/web/login.png>]
<./Figuras/web/configuracoes.png, id=521, 1155.56718pt x 647.41875pt>
File: ./Figuras/web/configuracoes.png Graphic file (type png)
<use ./Figuras/web/configuracoes.png>
Package pdftex.def Info: ./Figuras/web/configuracoes.png  used on input line 28
.
(pdftex.def)             Requested size: 462.21869pt x 258.9629pt.

[27 <./Figuras/web/configuracoes.png>]
<./Figuras/web/cad-user.png, id=528, 703.87968pt x 639.13782pt>
File: ./Figuras/web/cad-user.png Graphic file (type png)
<use ./Figuras/web/cad-user.png>
Package pdftex.def Info: ./Figuras/web/cad-user.png  used on input line 41.
(pdftex.def)             Requested size: 492.71242pt x 447.39342pt.

Overfull \hbox (9.01555pt too wide) in paragraph at lines 41--42
 [] 
 []

[28 <./Figuras/web/cad-user.png>]
<./Figuras/web/cad-tipo-maquina.png, id=535, 864.98157pt x 647.41875pt>
File: ./Figuras/web/cad-tipo-maquina.png Graphic file (type png)
<use ./Figuras/web/cad-tipo-maquina.png>
Package pdftex.def Info: ./Figuras/web/cad-tipo-maquina.png  used on input line
 54.
(pdftex.def)             Requested size: 475.74133pt x 356.0814pt.
 [29 <./Figuras/web/cad-tipo-maquina.png>]
<./Figuras/web/cad-componente-maquina.png, id=542, 864.98157pt x 646.66594pt>
File: ./Figuras/web/cad-componente-maquina.png Graphic file (type png)
<use ./Figuras/web/cad-componente-maquina.png>
Package pdftex.def Info: ./Figuras/web/cad-componente-maquina.png  used on inpu
t line 67.
(pdftex.def)             Requested size: 475.74133pt x 355.66736pt.

[30 <./Figuras/web/cad-componente-maquina.png>]
<./Figuras/web/cad-setor.png, id=550, 864.22874pt x 647.41875pt>
File: ./Figuras/web/cad-setor.png Graphic file (type png)
<use ./Figuras/web/cad-setor.png>
Package pdftex.def Info: ./Figuras/web/cad-setor.png  used on input line 80.
(pdftex.def)             Requested size: 475.32727pt x 356.0814pt.
 [31 <./Figuras/web/cad-setor.png>]
<./Figuras/web/cad-equip.png, id=557, 865.73438pt x 648.17157pt>
File: ./Figuras/web/cad-equip.png Graphic file (type png)
<use ./Figuras/web/cad-equip.png>
Package pdftex.def Info: ./Figuras/web/cad-equip.png  used on input line 93.
(pdftex.def)             Requested size: 476.15538pt x 356.49547pt.
 [32 <./Figuras/web/cad-equip.png>]
<./Figuras/web/cad-uni-med.png, id=564, 865.73438pt x 646.66594pt>
File: ./Figuras/web/cad-uni-med.png Graphic file (type png)
<use ./Figuras/web/cad-uni-med.png>
Package pdftex.def Info: ./Figuras/web/cad-uni-med.png  used on input line 106.

(pdftex.def)             Requested size: 476.15538pt x 355.66736pt.
 [33 <./Figuras/web/cad-uni-med.png>]
<./Figuras/web/cad-peca.png, id=571, 865.73438pt x 647.41875pt>
File: ./Figuras/web/cad-peca.png Graphic file (type png)
<use ./Figuras/web/cad-peca.png>
Package pdftex.def Info: ./Figuras/web/cad-peca.png  used on input line 119.
(pdftex.def)             Requested size: 476.15538pt x 356.0814pt.

[34 <./Figuras/web/cad-peca.png>]
<./Figuras/web/cad-loc-estoque.png, id=578, 866.48718pt x 646.66594pt>
File: ./Figuras/web/cad-loc-estoque.png Graphic file (type png)
<use ./Figuras/web/cad-loc-estoque.png>
Package pdftex.def Info: ./Figuras/web/cad-loc-estoque.png  used on input line 
132.
(pdftex.def)             Requested size: 476.56943pt x 355.66736pt.
 [35 <./Figuras/web/cad-loc-estoque.png>]
<./Figuras/web/est-estoque.png, id=585, 867.99281pt x 648.17157pt>
File: ./Figuras/web/est-estoque.png Graphic file (type png)
<use ./Figuras/web/est-estoque.png>
Package pdftex.def Info: ./Figuras/web/est-estoque.png  used on input line 145.

(pdftex.def)             Requested size: 477.39752pt x 356.49547pt.

[36 <./Figuras/web/est-estoque.png>]
<./Figuras/web/cad-causa-defeito.png, id=593, 864.22874pt x 647.41875pt>
File: ./Figuras/web/cad-causa-defeito.png Graphic file (type png)
<use ./Figuras/web/cad-causa-defeito.png>
Package pdftex.def Info: ./Figuras/web/cad-causa-defeito.png  used on input lin
e 158.
(pdftex.def)             Requested size: 475.32727pt x 356.0814pt.
 [37 <./Figuras/web/cad-causa-defeito.png>]
<./Figuras/web/cad-sintoma-defeito.png, id=600, 864.98157pt x 647.41875pt>
File: ./Figuras/web/cad-sintoma-defeito.png Graphic file (type png)
<use ./Figuras/web/cad-sintoma-defeito.png>
Package pdftex.def Info: ./Figuras/web/cad-sintoma-defeito.png  used on input l
ine 171.
(pdftex.def)             Requested size: 475.74133pt x 356.0814pt.
[38 <./Figuras/web/cad-sintoma-defeito.png>]
<./Figuras/web/cad-classificacao-om.png, id=607, 864.98157pt x 647.41875pt>
File: ./Figuras/web/cad-classificacao-om.png Graphic file (type png)
<use ./Figuras/web/cad-classificacao-om.png>
Package pdftex.def Info: ./Figuras/web/cad-classificacao-om.png  used on input 
line 184.
(pdftex.def)             Requested size: 475.74133pt x 356.0814pt.
 [39 <./Figuras/web/cad-classificacao-om.png>]
<./Figuras/web/cad-tipo-om.png, id=614, 865.73438pt x 647.41875pt>
File: ./Figuras/web/cad-tipo-om.png Graphic file (type png)
<use ./Figuras/web/cad-tipo-om.png>
Package pdftex.def Info: ./Figuras/web/cad-tipo-om.png  used on input line 197.

(pdftex.def)             Requested size: 476.15538pt x 356.0814pt.
 [40 <./Figuras/web/cad-tipo-om.png>]
<./Figuras/web/cad-centro-custo.png, id=621, 866.48718pt x 648.17157pt>
File: ./Figuras/web/cad-centro-custo.png Graphic file (type png)
<use ./Figuras/web/cad-centro-custo.png>
Package pdftex.def Info: ./Figuras/web/cad-centro-custo.png  used on input line
 210.
(pdftex.def)             Requested size: 476.56943pt x 356.49547pt.
 [41 <./Figuras/web/cad-centro-custo.png>]
<./Figuras/web/cad-om.png, id=628, 648.92438pt x 654.19406pt>
File: ./Figuras/web/cad-om.png Graphic file (type png)
<use ./Figuras/web/cad-om.png>
Package pdftex.def Info: ./Figuras/web/cad-om.png  used on input line 223.
(pdftex.def)             Requested size: 421.79585pt x 425.2211pt.
 [42 <./Figuras/web/cad-om.png>]
<./Figuras/web/param-status-seguranca.png, id=636, 865.73438pt x 647.41875pt>
File: ./Figuras/web/param-status-seguranca.png Graphic file (type png)
<use ./Figuras/web/param-status-seguranca.png>
Package pdftex.def Info: ./Figuras/web/param-status-seguranca.png  used on inpu
t line 236.
(pdftex.def)             Requested size: 476.15538pt x 356.0814pt.
 [43 <./Figuras/web/param-status-seguranca.png>]
<./Figuras/web/monitor-om-card.png, id=643, 1083.29718pt x 646.66594pt>
File: ./Figuras/web/monitor-om-card.png Graphic file (type png)
<use ./Figuras/web/monitor-om-card.png>
Package pdftex.def Info: ./Figuras/web/monitor-om-card.png  used on input line 
249.
(pdftex.def)             Requested size: 487.47923pt x 290.99698pt.

Overfull \hbox (3.78236pt too wide) in paragraph at lines 249--250
 [] 
 []

[44 <./Figuras/web/monitor-om-card.png>]
<./Figuras/web/monitor-om-lista.png, id=650, 1083.29718pt x 607.51968pt>
File: ./Figuras/web/monitor-om-lista.png Graphic file (type png)
<use ./Figuras/web/monitor-om-lista.png>
Package pdftex.def Info: ./Figuras/web/monitor-om-lista.png  used on input line
 262.
(pdftex.def)             Requested size: 487.47923pt x 273.38132pt.

Overfull \hbox (3.78236pt too wide) in paragraph at lines 262--263
 [] 
 []

[45 <./Figuras/web/monitor-om-lista.png>]
<./Figuras/web/om-capa.png, id=657, 1154.81438pt x 647.41875pt>
File: ./Figuras/web/om-capa.png Graphic file (type png)
<use ./Figuras/web/om-capa.png>
Package pdftex.def Info: ./Figuras/web/om-capa.png  used on input line 275.
(pdftex.def)             Requested size: 461.91757pt x 258.9629pt.
 [46 <./Figuras/web/om-capa.png>]
<./Figuras/web/check-list.png, id=664, 1154.81438pt x 648.17157pt>
File: ./Figuras/web/check-list.png Graphic file (type png)
<use ./Figuras/web/check-list.png>
Package pdftex.def Info: ./Figuras/web/check-list.png  used on input line 288.
(pdftex.def)             Requested size: 461.91757pt x 259.26402pt.

[47 <./Figuras/web/check-list.png>]
<./Figuras/web/om-operacoes.png, id=671, 1160.08406pt x 651.18282pt>
File: ./Figuras/web/om-operacoes.png Graphic file (type png)
<use ./Figuras/web/om-operacoes.png>
Package pdftex.def Info: ./Figuras/web/om-operacoes.png  used on input line 301
.
(pdftex.def)             Requested size: 464.0254pt x 260.4685pt.
 [48 <./Figuras/web/om-operacoes.png>]
<./Figuras/web/om-lista.png, id=679, 1156.32pt x 648.17157pt>
File: ./Figuras/web/om-lista.png Graphic file (type png)
<use ./Figuras/web/om-lista.png>
Package pdftex.def Info: ./Figuras/web/om-lista.png  used on input line 314.
(pdftex.def)             Requested size: 462.5198pt x 259.26402pt.

[49 <./Figuras/web/om-lista.png>]
<./Figuras/web/om-lista-equipamentos.png, id=686, 1154.81438pt x 645.16031pt>
File: ./Figuras/web/om-lista-equipamentos.png Graphic file (type png)
<use ./Figuras/web/om-lista-equipamentos.png>
Package pdftex.def Info: ./Figuras/web/om-lista-equipamentos.png  used on input
 line 327.
(pdftex.def)             Requested size: 461.91757pt x 258.05954pt.
 [50 <./Figuras/web/om-lista-equipamentos.png>]
<./Figuras/web/om-rota.png, id=693, 1155.56718pt x 648.17157pt>
File: ./Figuras/web/om-rota.png Graphic file (type png)
<use ./Figuras/web/om-rota.png>
Package pdftex.def Info: ./Figuras/web/om-rota.png  used on input line 340.
(pdftex.def)             Requested size: 462.21869pt x 259.26402pt.
 [51 <./Figuras/web/om-rota.png>]
<./Figuras/web/om-convidar-delegar.png, id=700, 1159.33125pt x 649.67719pt>
File: ./Figuras/web/om-convidar-delegar.png Graphic file (type png)
<use ./Figuras/web/om-convidar-delegar.png>
Package pdftex.def Info: ./Figuras/web/om-convidar-delegar.png  used on input l
ine 353.
(pdftex.def)             Requested size: 463.72429pt x 259.86627pt.
 [52 <./Figuras/web/om-convidar-delegar.png>]
<./Figuras/web/om-apontamentos.png, id=707, 1136.74687pt x 636.87938pt>
File: ./Figuras/web/om-apontamentos.png Graphic file (type png)
<use ./Figuras/web/om-apontamentos.png>
Package pdftex.def Info: ./Figuras/web/om-apontamentos.png  used on input line 
366.
(pdftex.def)             Requested size: 454.6907pt x 254.74724pt.
[53 <./Figuras/web/om-apontamentos.png>]
<./Figuras/web/om-add-apontamento.png, id=714, 1160.83687pt x 650.43pt>
File: ./Figuras/web/om-add-apontamento.png Graphic file (type png)
<use ./Figuras/web/om-add-apontamento.png>
Package pdftex.def Info: ./Figuras/web/om-add-apontamento.png  used on input li
ne 379.
(pdftex.def)             Requested size: 464.32652pt x 260.16739pt.
 [54 <./Figuras/web/om-add-apontamento.png>]
<./Figuras/web/om-excluir-apontamento-motivo.png, id=722, 1159.33125pt x 650.43
pt>
File: ./Figuras/web/om-excluir-apontamento-motivo.png Graphic file (type png)
<use ./Figuras/web/om-excluir-apontamento-motivo.png>
Package pdftex.def Info: ./Figuras/web/om-excluir-apontamento-motivo.png  used 
on input line 392.
(pdftex.def)             Requested size: 463.72429pt x 260.16739pt.
 [55 <./Figuras/web/om-excluir-apontamento-motivo.png>]
<./Figuras/web/om-assinatura.png, id=729, 1160.83687pt x 651.93562pt>
File: ./Figuras/web/om-assinatura.png Graphic file (type png)
<use ./Figuras/web/om-assinatura.png>
Package pdftex.def Info: ./Figuras/web/om-assinatura.png  used on input line 40
5.
(pdftex.def)             Requested size: 464.32652pt x 260.76962pt.
 [56 <./Figuras/web/om-assinatura.png>]
<./Figuras/web/central-notificacoes.png, id=736, 1154.81438pt x 647.41875pt>
File: ./Figuras/web/central-notificacoes.png Graphic file (type png)
<use ./Figuras/web/central-notificacoes.png>
Package pdftex.def Info: ./Figuras/web/central-notificacoes.png  used on input 
line 418.
(pdftex.def)             Requested size: 461.91757pt x 258.9629pt.
 [57 <./Figuras/web/central-notificacoes.png>]
<./Figuras/mobile/login.png, id=743, 268.75406pt x 584.1825pt>
File: ./Figuras/mobile/login.png Graphic file (type png)
<use ./Figuras/mobile/login.png>
Package pdftex.def Info: ./Figuras/mobile/login.png  used on input line 434.
(pdftex.def)             Requested size: 215.00354pt x 467.34662pt.
 [58 <./Figuras/mobile/login.png>]
<./Figuras/mobile/menu.png, id=750, 269.50688pt x 581.17125pt>
File: ./Figuras/mobile/menu.png Graphic file (type png)
<use ./Figuras/mobile/menu.png>
Package pdftex.def Info: ./Figuras/mobile/menu.png  used on input line 447.
(pdftex.def)             Requested size: 215.60579pt x 464.93764pt.
 [59 <./Figuras/mobile/menu.png>]
<./Figuras/mobile/monitor.png, id=757, 595.47469pt x 581.92406pt>
File: ./Figuras/mobile/monitor.png Graphic file (type png)
<use ./Figuras/mobile/monitor.png>
Package pdftex.def Info: ./Figuras/mobile/monitor.png  used on input line 460.
(pdftex.def)             Requested size: 446.6049pt x 436.44197pt.
 [60 <./Figuras/mobile/monitor.png>]
<./Figuras/mobile/notificacao.png, id=765, 270.25969pt x 584.1825pt>
File: ./Figuras/mobile/notificacao.png Graphic file (type png)
<use ./Figuras/mobile/notificacao.png>
Package pdftex.def Info: ./Figuras/mobile/notificacao.png  used on input line 4
73.
(pdftex.def)             Requested size: 216.20804pt x 467.34662pt.
 [61 <./Figuras/mobile/notificacao.png>]
<./Figuras/mobile/om.png, id=772, 659.46375pt x 581.92406pt>
File: ./Figuras/mobile/om.png Graphic file (type png)
<use ./Figuras/mobile/om.png>
Package pdftex.def Info: ./Figuras/mobile/om.png  used on input line 486.
(pdftex.def)             Requested size: 461.62148pt x 407.34407pt.
 [62 <./Figuras/mobile/om.png>]
<./Figuras/mobile/lista.png, id=779, 720.44156pt x 584.1825pt>
File: ./Figuras/mobile/lista.png Graphic file (type png)
<use ./Figuras/mobile/lista.png>
Package pdftex.def Info: ./Figuras/mobile/lista.png  used on input line 499.
(pdftex.def)             Requested size: 468.28146pt x 379.71411pt.
 [63 <./Figuras/mobile/lista.png>]
<./Figuras/mobile/rota.png, id=786, 663.22781pt x 581.92406pt>
File: ./Figuras/mobile/rota.png Graphic file (type png)
<use ./Figuras/mobile/rota.png>
Package pdftex.def Info: ./Figuras/mobile/rota.png  used on input line 512.
(pdftex.def)             Requested size: 464.2563pt x 407.34407pt.
 [64 <./Figuras/mobile/rota.png>]
<./Figuras/mobile/checklist.png, id=793, 271.0125pt x 584.1825pt>
File: ./Figuras/mobile/checklist.png Graphic file (type png)
<use ./Figuras/mobile/checklist.png>
Package pdftex.def Info: ./Figuras/mobile/checklist.png  used on input line 525
.
(pdftex.def)             Requested size: 216.81029pt x 467.34662pt.
 [65 <./Figuras/mobile/checklist.png>]
<./Figuras/mobile/problemas.png, id=800, 271.0125pt x 583.42969pt>
File: ./Figuras/mobile/problemas.png Graphic file (type png)
<use ./Figuras/mobile/problemas.png>
Package pdftex.def Info: ./Figuras/mobile/problemas.png  used on input line 538
.
(pdftex.def)             Requested size: 216.81029pt x 466.74437pt.
 [66 <./Figuras/mobile/problemas.png>]
<./Figuras/mobile/componentes.png, id=808, 693.34032pt x 584.1825pt>
File: ./Figuras/mobile/componentes.png Graphic file (type png)
<use ./Figuras/mobile/componentes.png>
Package pdftex.def Info: ./Figuras/mobile/componentes.png  used on input line 5
51.
(pdftex.def)             Requested size: 485.33492pt x 408.92496pt.

Overfull \hbox (1.63805pt too wide) in paragraph at lines 551--552
 [] 
 []

[67 <./Figuras/mobile/componentes.png>]
<./Figuras/mobile/operacao.png, id=815, 706.89093pt x 583.42969pt>
File: ./Figuras/mobile/operacao.png Graphic file (type png)
<use ./Figuras/mobile/operacao.png>
Package pdftex.def Info: ./Figuras/mobile/operacao.png  used on input line 564.

(pdftex.def)             Requested size: 494.82028pt x 408.398pt.

Overfull \hbox (11.12341pt too wide) in paragraph at lines 564--565
 [] 
 []

[68 <./Figuras/mobile/operacao.png>]
<./Figuras/mobile/apontamentos.png, id=822, 271.0125pt x 582.67688pt>
File: ./Figuras/mobile/apontamentos.png Graphic file (type png)
<use ./Figuras/mobile/apontamentos.png>
Package pdftex.def Info: ./Figuras/mobile/apontamentos.png  used on input line 
577.
(pdftex.def)             Requested size: 216.81029pt x 466.14214pt.
 [69 <./Figuras/mobile/apontamentos.png>]
<./Figuras/mobile/assinaturas.png, id=829, 269.50688pt x 582.67688pt>
File: ./Figuras/mobile/assinaturas.png Graphic file (type png)
<use ./Figuras/mobile/assinaturas.png>
Package pdftex.def Info: ./Figuras/mobile/assinaturas.png  used on input line 5
90.
(pdftex.def)             Requested size: 215.60579pt x 466.14214pt.
)
[70 <./Figuras/mobile/assinaturas.png>]
\openout2 = `cap6.aux'.

 (cap6.tex [71



]
<./Figuras/code/server/type-orm.png, id=840, 816.80156pt x 482.55281pt>
File: ./Figuras/code/server/type-orm.png Graphic file (type png)
<use ./Figuras/code/server/type-orm.png>
Package pdftex.def Info: ./Figuras/code/server/type-orm.png  used on input line
 24.
(pdftex.def)             Requested size: 490.08472pt x 289.5339pt.

Overfull \hbox (6.38785pt too wide) in paragraph at lines 24--25
 [] 
 []

[72 <./Figuras/code/server/type-orm.png>]
<./Figuras/code/server/class-validator.png, id=848, 339.51843pt x 108.405pt>
File: ./Figuras/code/server/class-validator.png Graphic file (type png)
<use ./Figuras/code/server/class-validator.png>
Package pdftex.def Info: ./Figuras/code/server/class-validator.png  used on inp
ut line 37.
(pdftex.def)             Requested size: 441.3739pt x 140.92647pt.
<./Figuras/code/server/controller-class-validator.png, id=850, 269.50688pt x 12
0.45pt>
File: ./Figuras/code/server/controller-class-validator.png Graphic file (type p
ng)
<use ./Figuras/code/server/controller-class-validator.png>
Package pdftex.def Info: ./Figuras/code/server/controller-class-validator.png  
used on input line 49.
(pdftex.def)             Requested size: 431.21158pt x 192.72023pt.
 [73 <./Figuras/code/server/class-validator.png> <./Figuras/code/server/control
ler-class-validator.png>]
<./Figuras/code/server/middleware.png, id=858, 563.85657pt x 449.42906pt>
File: ./Figuras/code/server/middleware.png Graphic file (type png)
<use ./Figuras/code/server/middleware.png>
Package pdftex.def Info: ./Figuras/code/server/middleware.png  used on input li
ne 62.
(pdftex.def)             Requested size: 451.08586pt x 359.54372pt.
 [74 <./Figuras/code/server/middleware.png>]
<./Figuras/code/server/typeorm-query-as-function.png, id=865, 450.9347pt x 104.
64093pt>
File: ./Figuras/code/server/typeorm-query-as-function.png Graphic file (type pn
g)
<use ./Figuras/code/server/typeorm-query-as-function.png>
Package pdftex.def Info: ./Figuras/code/server/typeorm-query-as-function.png  u
sed on input line 75.
(pdftex.def)             Requested size: 450.9336pt x 104.64066pt.
<./Figuras/code/server/delete-strategy.png, id=867, 502.87875pt x 30.1125pt>
File: ./Figuras/code/server/delete-strategy.png Graphic file (type png)
<use ./Figuras/code/server/delete-strategy.png>
Package pdftex.def Info: ./Figuras/code/server/delete-strategy.png  used on inp
ut line 87.
(pdftex.def)             Requested size: 452.58669pt x 27.10098pt.
) [75 <./Figuras/code/server/typeorm-query-as-function.png> <./Figuras/code/ser
ver/delete-strategy.png>]
\openout2 = `consideracoesFinais.aux'.


(consideracoesFinais.tex) [76



] (Main.bbl
bibitemlist

Underfull \hbox (badness 10000) in paragraph at lines 17--21
[]\T1/phv/m/n/12 DEXTRA. \T1/phv/b/n/12 Pro-to-ti-pa-o e sua im-por-tn-cia n
o de-sen-vol-vi-
 []


Underfull \hbox (badness 10000) in paragraph at lines 17--21
\T1/phv/b/n/12 mento de soft-ware\T1/phv/m/n/12 . 2019. Dis-po-n-vel em: [][]$
<[]https : / / dextra . com . br / pt /
 []

LaTeX Font Info:    Font shape `T1/phv/bx/n' in size <8> not available
(Font)              Font shape `T1/phv/b/n' tried instead on input line 60.
LaTeX Font Info:    Font shape `T1/phv/b/n' will be
(Font)              scaled to size 7.59998pt on input line 60.
) 
AED: lastpage setting LastPage
[77


]
\tf@lof=\write4
\openout4 = `Main.lof'.

\tf@toc=\write5
\openout5 = `Main.toc'.

Package atveryend Info: Empty hook `BeforeClearDocument' on input line 153.
Package atveryend Info: Empty hook `AfterLastShipout' on input line 153.
 (Main.aux (pretextual.aux) (cap1.aux) (cap2.aux) (cap3.aux) (cap4.aux)
(cap5.aux) (cap6.aux) (consideracoesFinais.aux))
Package atveryend Info: Executing hook `AtVeryEndDocument' on input line 153.
Package atveryend Info: Empty hook `AtEndAfterFileList' on input line 153.
Package atveryend Info: Empty hook `AtVeryVeryEnd' on input line 153.
 ) 
Here is how much of TeX's memory you used:
 25882 strings out of 492895
 438505 string characters out of 3123268
 684955 words of memory out of 3000000
 29063 multiletter control sequences out of 15000+200000
 589650 words of font info for 81 fonts, out of 3000000 for 9000
 1141 hyphenation exceptions out of 8191
 51i,13n,65p,1318b,492s stack positions out of 5000i,500n,10000p,200000b,50000s
{C:/Users/marcio/AppData/Local/Programs/MiKTeX 2.9/fonts/enc/dvips/base/8r.en
c}<C:/Users/marcio/AppData/Local/Programs/MiKTeX 2.9/fonts/type1/public/amsfont
s/cm/cmsy10.pfb><C:/Users/marcio/AppData/Local/Programs/MiKTeX 2.9/fonts/type1/
urw/helvetic/uhvb8a.pfb><C:/Users/marcio/AppData/Local/Programs/MiKTeX 2.9/font
s/type1/urw/helvetic/uhvr8a.pfb><C:/Users/marcio/AppData/Local/Programs/MiKTeX 
2.9/fonts/type1/urw/helvetic/uhvro8a.pfb>
Output written on Main.pdf (78 pages, 5096437 bytes).
PDF statistics:
 1261 PDF objects out of 1440 (max. 8388607)
 281 named destinations out of 1000 (max. 500000)
 1087 words of extra memory for PDF output out of 10000 (max. 10000000)

